xrun(64): 19.03-s013: (c) Copyright 1995-2019 Cadence Design Systems, Inc.
TOOL:	xrun(64)	19.03-s013: Started on Dec 14, 2024 at 11:37:50 EST
xrun
	blackjack.v
	blackjack_test.v
Loading snapshot worklib.blackjack_top_tb:v .................... Done
xmsim: *W,XCLGNOPTM: The SystemVerilog constraint solver Xceligen options 'seed_only_rand and process_alternate_rng and ignore_worklib_name' are not specified and will default to 0. The recommended value for each of them is 1 which will become the default in a future release.
SVSEED default: 1
xmsim: *W,RNDXCELON: Xceligen, the new SystemVerilog constraint solver is used. Disabling Xceligen and using the legacy constraint solver is possible with "xrun/xmsim -xceligen on=0 ...".
xcelium> source /escnfs/home/csesoft/cadence/installs/XCELIUM1903/tools/xcelium/files/xmsimrc
xcelium> run
Initial Seed: 00010
------------------------------------------------
Final Player Sum: 14
Final Dealer Sum: 18
Blackjack: 0, Win: 0, Lose: 1, Draw: 0
------------------------------------------------
Simulation complete via $finish(1) at time 395 NS + 0
./blackjack_test.v:168     $finish;
xcelium> exit
TOOL:	xrun(64)	19.03-s013: Exiting on Dec 14, 2024 at 11:37:50 EST  (total: 00:00:00)
